Notice	76f23b4	1212
README	e7f3d2c4	14581
abort_.c	e12f28b6	231
backspac.c	6ce0fa3	1258
c_abs.c	ecce7a47	205
c_cos.c	f12046ff	287
c_div.c	1666e8eb	863
c_exp.c	ec4410d4	282
c_log.c	13c44244	317
c_sin.c	ce1f38d	283
c_sqrt.c	1d8421cd	538
cabs.c	abac46c	427
close.c	fa1c7d38	1325
d_abs.c	ed70186c	151
d_acos.c	e5d8cdee	178
d_asin.c	f1c92f52	178
d_atan.c	fe8cfd3f	178
d_atn2.c	fa5f66a9	204
d_cnjg.c	97c1d57	188
d_cos.c	f37be16	174
d_cosh.c	a2f7dcf	178
d_dim.c	1dfe4b39	165
d_exp.c	fb0efb6d	174
d_imag.c	ff9da248	134
d_int.c	e10c5fc2	202
d_lg10.c	1381342c	224
d_log.c	ec2a8447	174
d_mod.c	e30684f1	621
d_nint.c	ffa7895c	214
d_prod.c	e3b5d46a	140
d_sign.c	1782063b	199
d_sin.c	ef24638e	174
d_sinh.c	e0ec938a	178
d_sqrt.c	1ff988eb	178
d_tan.c	ffc9a88e	174
d_tanh.c	e5e0cbbd	178
derf_.c	fdf1917c	172
derfc_.c	4cb5ea3	186
dfe.c	10a51640	2540
dolio.c	17595b24	404
dtime_.c	12f0a0d3	850
due.c	fa31bcf7	1550
ef1asc_.c	e452d3bf	454
ef1cmc_.c	1e0b86e3	360
endfile.c	eef9c369	2048
erf_.c	7a407d	158
erfc_.c	fb488e22	163
err.c	15580826	6084
etime_.c	e5e10977	713
exit_.c	eaf1e4de	476
f2c.h0	e770b7d8	4688
f2ch.add	ef66bf17	6060
f77_aloc.c	f9eea219	611
f77vers.c	e851a38b	3419
fio.h	f0d3912d	2533
fmt.c	142a0bf3	8297
fmt.h	eb79935b	1876
fmtlib.c	ee65cded	798
fp.h	100fb355	665
ftell_.c	15d44fd9	827
getarg_.c	edcf61f8	495
getenv_.c	eb99fb0d	1150
h_abs.c	8383aa6	151
h_dim.c	9f9a693	163
h_dnnt.c	f7841dba	227
h_indx.c	145ff2e8	375
h_len.c	e85aa13f	138
h_mod.c	feacad2a	140
h_nint.c	a833e39	214
h_sign.c	e7d69d03	199
hl_ge.c	26bca46	279
hl_gt.c	f5426c57	278
hl_le.c	ff67a970	279
hl_lt.c	f8842102	278
i77vers.c	15f0bd99	16112
i_abs.c	f6c3045e	147
i_dim.c	ae23de2	158
i_dnnt.c	6ce6142	224
i_indx.c	19177d0c	363
i_len.c	e32e1f92	136
i_mod.c	8bb577c	144
i_nint.c	16ed7c38	211
i_sign.c	1f26e421	193
iargc_.c	324b252	129
iio.c	bf62563	2573
ilnw.c	15569eae	1058
inquire.c	eefc7bb0	2571
l_ge.c	5b7cb55	267
l_gt.c	ad1b388	266
l_le.c	f5407149	267
l_lt.c	f81a93f8	266
lbitbits.c	f6c018ec	1030
lbitshft.c	ec57bf21	191
libf2c.lbc	e7baaa24	1583
libf2c.sy	801d5a8	2037
lio.h	a087b39	1564
lread.c	f950a15d	13037
lwrite.c	16866b71	4478
main.c	6eed57a	2152
makefile.sy	1efac4e1	2576
makefile.u	fc9c43d3	6005
makefile.vc	e1f78669	2504
makefile.wat	f5f07c8b	2511
math.hvc	19bb2d07	50
open.c	e0a4c789	5534
pow_ci.c	f593b0b9	345
pow_dd.c	e451857d	209
pow_di.c	11a1842e	381
pow_hh.c	e0cb1b69	422
pow_ii.c	17c60a01	421
pow_qq.c	ffbbdec9	449
pow_ri.c	eacf8350	369
pow_zi.c	f8fb3f23	784
pow_zz.c	f0e5f141	482
qbitbits.c	f15e55f2	1083
qbitshft.c	fb7eacff	191
r_abs.c	1a4e3da	139
r_acos.c	ca67f96	166
r_asin.c	188a2306	166
r_atan.c	fadda9d5	166
r_atn2.c	e97a5392	186
r_cnjg.c	f9d0487f	168
r_cos.c	f19d771e	162
r_cosh.c	e20187a0	166
r_dim.c	ef5e869	147
r_exp.c	18979beb	162
r_imag.c	e45086cf	122
r_int.c	f2c2f39c	190
r_lg10.c	1279226d	212
r_log.c	2682a0d	162
r_mod.c	f28ec59a	611
r_nint.c	69d11bb	202
r_sign.c	eddb76f9	181
r_sin.c	10007227	162
r_sinh.c	f21a38b8	166
r_sqrt.c	f24b8aa4	166
r_tan.c	e60b7778	162
r_tanh.c	f22ec5c	166
rawio.h	1ab49f7c	718
rdfmt.c	f0c41a9e	8807
rewind.c	87b080b	408
rsfe.c	1efce593	1402
rsli.c	ecce3ca0	1718
rsne.c	13ef12c2	11470
s_cat.c	cadae9f	1346
s_cmp.c	ff4f2982	655
s_copy.c	e10dd76f	957
s_paus.c	1a9e166a	1529
s_rnge.c	f9d2c636	686
s_stop.c	eaa762ad	696
sfe.c	f476dc65	694
sig_die.c	e934624a	634
signal1.h0	1d43ee57	842
signal_.c	1e31cd2b	232
sue.c	ee6f6d53	1803
system_.c	e4ed54ab	579
typesize.c	e5660590	319
uio.c	fe44d524	1547
util.c	eea263	916
wref.c	f86e7116	4508
wrtfmt.c	f0dc45c3	7421
wsfe.c	b76e8bd	1236
wsle.c	127bf5f2	630
wsne.c	dc449f1	412
xwsne.c	16641f3c	1135
z_abs.c	f71a28c1	201
z_cos.c	ecf2983a	296
z_div.c	e703afc1	840
z_exp.c	1f89bf82	290
z_log.c	a1b65db	329
z_sin.c	e2482d4	292
z_sqrt.c	14993db8	514
